<?xml version="1.0" encoding="UTF-8"?>
<testng-results ignored="0" total="1" passed="0" failed="1" skipped="0">
  <reporter-output>
  </reporter-output>
  <suite started-at="2023-04-03T15:35:45 IST" name="Default suite" finished-at="2023-04-03T15:36:49 IST" duration-ms="63691">
    <groups>
      <group name="cucumber">
        <method signature="AbstractTestNGCucumberTests.runScenario(io.cucumber.testng.PickleWrapper,io.cucumber.testng.FeatureWrapper)[pri:0, instance:cucumberTestNg.TestNgRunner$TestNgtestRunner@4b45a2f5]" name="runScenario" class="io.cucumber.testng.AbstractTestNGCucumberTests"/>
      </group> <!-- cucumber -->
    </groups>
    <test started-at="2023-04-03T15:35:45 IST" name="Default test" finished-at="2023-04-03T15:36:49 IST" duration-ms="63691">
      <class name="cucumberTestNg.TestNgRunner$TestNgtestRunner">
        <test-method is-config="true" signature="setUpClass(org.testng.ITestContext)[pri:0, instance:cucumberTestNg.TestNgRunner$TestNgtestRunner@4b45a2f5]" started-at="2023-04-03T15:35:45 IST" name="setUpClass" finished-at="2023-04-03T15:35:46 IST" duration-ms="653" status="PASS">
          <params>
            <param index="0">
              <value>
                <![CDATA[org.testng.TestRunner@66fb45e5]]>
              </value>
            </param>
          </params>
          <reporter-output>
          </reporter-output>
        </test-method> <!-- setUpClass -->
        <test-method signature="runScenario(io.cucumber.testng.PickleWrapper,io.cucumber.testng.FeatureWrapper)[pri:0, instance:cucumberTestNg.TestNgRunner$TestNgtestRunner@4b45a2f5]" started-at="2023-04-03T15:35:46 IST" name="runScenario" description="Runs Cucumber Scenarios" data-provider="scenarios" finished-at="2023-04-03T15:36:49 IST" duration-ms="62700" status="FAIL">
          <params>
            <param index="0">
              <value>
                <![CDATA["edite the seller name and validte changed seller name"]]>
              </value>
            </param>
            <param index="1">
              <value>
                <![CDATA["Title of your feature"]]>
              </value>
            </param>
          </params>
          <exception class="java.lang.AssertionError">
            <message>
              <![CDATA[seller Name is not matched expected [The Deep seafood Co LLC] but found []]]>
            </message>
            <full-stacktrace>
              <![CDATA[java.lang.AssertionError: seller Name is not matched expected [The Deep seafood Co LLC] but found []
at org.testng.Assert.fail(Assert.java:110)
at org.testng.Assert.failNotEquals(Assert.java:1413)
at org.testng.Assert.assertEqualsImpl(Assert.java:149)
at org.testng.Assert.assertEquals(Assert.java:131)
at org.testng.Assert.assertEquals(Assert.java:655)
at StepDefinition.CreateLpoStepdefinition.validate_the_changed_seller_name(CreateLpoStepdefinition.java:320)
at ✽.validate the changed seller name(file:///D:/test1/BulkLpoAutomation/src/test/java/featurefile/CreatingLpo.feature:67)
]]>
            </full-stacktrace>
          </exception> <!-- java.lang.AssertionError -->
          <reporter-output>
          </reporter-output>
        </test-method> <!-- runScenario -->
        <test-method is-config="true" signature="tearDownClass()[pri:0, instance:cucumberTestNg.TestNgRunner$TestNgtestRunner@4b45a2f5]" started-at="2023-04-03T15:36:49 IST" name="tearDownClass" finished-at="2023-04-03T15:36:49 IST" duration-ms="296" status="PASS">
          <reporter-output>
          </reporter-output>
        </test-method> <!-- tearDownClass -->
      </class> <!-- cucumberTestNg.TestNgRunner$TestNgtestRunner -->
    </test> <!-- Default test -->
  </suite> <!-- Default suite -->
</testng-results>
