<?xml version="1.0" encoding="UTF-8"?>
<!-- Generated by org.testng.reporters.JUnitReportReporter -->
<testsuite hostname="Enh_PC" failures="1" tests="1" name="cucumberTestNg.TestNgRunner$TestNgtestRunner" time="62.700" errors="0" timestamp="2023-04-03T15:36:49 IST" skipped="0">
  <testcase classname="cucumberTestNg.TestNgRunner$TestNgtestRunner" name="runScenario" time="62.700">
    <failure message="seller Name is not matched expected [The Deep seafood Co LLC] but found []" type="java.lang.AssertionError">
      <![CDATA[java.lang.AssertionError: seller Name is not matched expected [The Deep seafood Co LLC] but found []
at org.testng.Assert.fail(Assert.java:110)
at org.testng.Assert.failNotEquals(Assert.java:1413)
at org.testng.Assert.assertEqualsImpl(Assert.java:149)
at org.testng.Assert.assertEquals(Assert.java:131)
at org.testng.Assert.assertEquals(Assert.java:655)
at StepDefinition.CreateLpoStepdefinition.validate_the_changed_seller_name(CreateLpoStepdefinition.java:320)
at ✽.validate the changed seller name(file:///D:/test1/BulkLpoAutomation/src/test/java/featurefile/CreatingLpo.feature:67)
]]>
    </failure>
  </testcase> <!-- runScenario -->
  <system-out/>
</testsuite> <!-- cucumberTestNg.TestNgRunner$TestNgtestRunner -->
